[ 2016-01-09T00:09:26+08:00 ] 127.0.0.1 /work/yaowan/
INFO: [ app_init ] --START--
INFO: Run Behavior\BuildLiteBehavior [ RunTime:0.000066s ]
INFO: [ app_init ] --END-- [ RunTime:0.030006s ]
NOTIC: [8] Use of undefined constant URL_ROUTER_ON - assumed 'URL_ROUTER_ON' G:\code\work\yaowan\Application\Home\Conf\config.php 第 4 行.
NOTIC: [8] Use of undefined constant URL_ROUTE_RULES - assumed 'URL_ROUTE_RULES' G:\code\work\yaowan\Application\Home\Conf\config.php 第 6 行.
INFO: [ app_begin ] --START--
INFO: Run Behavior\ReadHtmlCacheBehavior [ RunTime:0.011250s ]
INFO: [ app_begin ] --END-- [ RunTime:0.011557s ]
SQL: SHOW COLUMNS FROM `wp_posts` [ RunTime:0.101059s ]
SQL: SELECT `post_author`,`post_date`,`post_date_gmt`,`post_content`,`post_title`,`post_excerpt`,`post_status`,`comment_status`,`ping_status`,`post_password`,`post_name`,`to_ping`,`pinged`,`post_modified`,`post_modified_gmt`,`post_content_filtered`,`post_parent`,`guid`,`menu_order`,`post_type`,`post_mime_type`,`comment_count` FROM `wp_posts` WHERE `post_type` = 'attachment' AND `post_title` = 'slider' ORDER BY post_date DESC LIMIT 5   [ RunTime:0.001508s ]
SQL: SHOW COLUMNS FROM `wp_posts` [ RunTime:0.004858s ]
SQL: SHOW COLUMNS FROM `wp_posts` [ RunTime:0.005270s ]
SQL: SELECT * FROM `wp_posts` INNER JOIN wp_term_relationships ON wp_posts.ID = wp_term_relationships.object_id  WHERE wp_posts.post_type = 'post' AND wp_posts.post_status = 'publish' AND ( wp_term_relationships.term_taxonomy_id = 1 ) ORDER BY post_date DESC LIMIT 3   [ RunTime:0.061940s ]
SQL: SHOW COLUMNS FROM `wp_terms` [ RunTime:0.054555s ]
SQL: select * from wp_terms where wp_terms.slug <> 'uncategorized' [ RunTime:0.001923s ]
NOTIC: [2] Missing argument 1 for Think\Controller::show(), called in G:\code\work\yaowan\Application\Home\Controller\IndexController.class.php on line 18 and defined G:\code\work\yaowan\ThinkPHP\Library\Think\Controller.class.php 第 68 行.
NOTIC: [8] Undefined variable: content G:\code\work\yaowan\ThinkPHP\Library\Think\Controller.class.php 第 69 行.
INFO: [ view_parse ] --START--
INFO: [ template_filter ] --START--
INFO: Run Behavior\ContentReplaceBehavior [ RunTime:0.000108s ]
INFO: [ template_filter ] --END-- [ RunTime:0.000186s ]
NOTIC: [8] Undefined variable: page_id G:\code\work\yaowan\Application\Runtime\Cache\Home\2a94b8bda04ff446dcedd42276fc99ee.php 第 18 行.
NOTIC: [8] Undefined variable: page_id G:\code\work\yaowan\Application\Runtime\Cache\Home\2a94b8bda04ff446dcedd42276fc99ee.php 第 18 行.
NOTIC: [8] Undefined variable: page_id G:\code\work\yaowan\Application\Runtime\Cache\Home\2a94b8bda04ff446dcedd42276fc99ee.php 第 18 行.
NOTIC: [8] Undefined variable: page_id G:\code\work\yaowan\Application\Runtime\Cache\Home\2a94b8bda04ff446dcedd42276fc99ee.php 第 40 行.
NOTIC: [8] Undefined variable: page_id G:\code\work\yaowan\Application\Runtime\Cache\Home\2a94b8bda04ff446dcedd42276fc99ee.php 第 40 行.
NOTIC: [8] Undefined variable: page_id G:\code\work\yaowan\Application\Runtime\Cache\Home\2a94b8bda04ff446dcedd42276fc99ee.php 第 40 行.
NOTIC: [8] A non well formed numeric value encountered G:\code\work\yaowan\Application\Runtime\Cache\Home\2a94b8bda04ff446dcedd42276fc99ee.php 第 76 行.
NOTIC: [8] A non well formed numeric value encountered G:\code\work\yaowan\Application\Runtime\Cache\Home\2a94b8bda04ff446dcedd42276fc99ee.php 第 76 行.
NOTIC: [8] A non well formed numeric value encountered G:\code\work\yaowan\Application\Runtime\Cache\Home\2a94b8bda04ff446dcedd42276fc99ee.php 第 76 行.
NOTIC: [8] A non well formed numeric value encountered G:\code\work\yaowan\Application\Runtime\Cache\Home\2a94b8bda04ff446dcedd42276fc99ee.php 第 76 行.
NOTIC: [8] A non well formed numeric value encountered G:\code\work\yaowan\Application\Runtime\Cache\Home\2a94b8bda04ff446dcedd42276fc99ee.php 第 76 行.
NOTIC: [8] A non well formed numeric value encountered G:\code\work\yaowan\Application\Runtime\Cache\Home\2a94b8bda04ff446dcedd42276fc99ee.php 第 76 行.
INFO: Run Behavior\ParseTemplateBehavior [ RunTime:0.139036s ]
INFO: [ view_parse ] --END-- [ RunTime:0.139125s ]
INFO: [ view_filter ] --START--
INFO: Run Behavior\WriteHtmlCacheBehavior [ RunTime:0.015612s ]
INFO: [ view_filter ] --END-- [ RunTime:0.015709s ]
INFO: [ app_end ] --START--
INFO: Run Behavior\ShowPageTraceBehavior [ RunTime:0.001427s ]
INFO: [ app_end ] --END-- [ RunTime:0.001494s ]

[ 2016-01-09T00:10:28+08:00 ] 127.0.0.1 /work/yaowan/page/2
INFO: [ app_init ] --START--
INFO: Run Behavior\BuildLiteBehavior [ RunTime:0.000016s ]
INFO: [ app_init ] --END-- [ RunTime:0.000490s ]
NOTIC: [8] Use of undefined constant URL_ROUTER_ON - assumed 'URL_ROUTER_ON' G:\code\work\yaowan\Application\Home\Conf\config.php 第 4 行.
NOTIC: [8] Use of undefined constant URL_ROUTE_RULES - assumed 'URL_ROUTE_RULES' G:\code\work\yaowan\Application\Home\Conf\config.php 第 6 行.
INFO: [ app_begin ] --START--
INFO: Run Behavior\ReadHtmlCacheBehavior [ RunTime:0.000738s ]
INFO: [ app_begin ] --END-- [ RunTime:0.000793s ]
SQL: SHOW COLUMNS FROM `wp_posts` [ RunTime:0.007413s ]
SQL: SHOW COLUMNS FROM `wp_posts` [ RunTime:0.009333s ]
SQL: SELECT * FROM `wp_posts` INNER JOIN wp_term_relationships ON wp_posts.ID = wp_term_relationships.object_id  WHERE wp_posts.post_type = 'post' AND wp_posts.post_status = 'publish' AND ( wp_term_relationships.term_taxonomy_id = 2 )  [ RunTime:0.002614s ]
SQL: SHOW COLUMNS FROM `wp_terms` [ RunTime:0.005160s ]
SQL: select * from wp_terms where wp_terms.slug <> 'uncategorized' [ RunTime:0.001005s ]
INFO: [ view_parse ] --START--
INFO: [ template_filter ] --START--
INFO: Run Behavior\ContentReplaceBehavior [ RunTime:0.000178s ]
INFO: [ template_filter ] --END-- [ RunTime:0.000351s ]
INFO: Run Behavior\ParseTemplateBehavior [ RunTime:0.051509s ]
INFO: [ view_parse ] --END-- [ RunTime:0.051654s ]
INFO: [ view_filter ] --START--
INFO: Run Behavior\WriteHtmlCacheBehavior [ RunTime:0.001109s ]
INFO: [ view_filter ] --END-- [ RunTime:0.001217s ]
INFO: [ app_end ] --START--
INFO: Run Behavior\ShowPageTraceBehavior [ RunTime:0.001981s ]
INFO: [ app_end ] --END-- [ RunTime:0.002116s ]

[ 2016-01-09T00:10:34+08:00 ] 127.0.0.1 /work/yaowan/page/5
INFO: [ app_init ] --START--
INFO: Run Behavior\BuildLiteBehavior [ RunTime:0.000016s ]
INFO: [ app_init ] --END-- [ RunTime:0.000452s ]
NOTIC: [8] Use of undefined constant URL_ROUTER_ON - assumed 'URL_ROUTER_ON' G:\code\work\yaowan\Application\Home\Conf\config.php 第 4 行.
NOTIC: [8] Use of undefined constant URL_ROUTE_RULES - assumed 'URL_ROUTE_RULES' G:\code\work\yaowan\Application\Home\Conf\config.php 第 6 行.
INFO: [ app_begin ] --START--
INFO: Run Behavior\ReadHtmlCacheBehavior [ RunTime:0.000725s ]
INFO: [ app_begin ] --END-- [ RunTime:0.000784s ]
SQL: SHOW COLUMNS FROM `wp_posts` [ RunTime:0.003366s ]
SQL: SHOW COLUMNS FROM `wp_posts` [ RunTime:0.003463s ]
SQL: SELECT * FROM `wp_posts` INNER JOIN wp_term_relationships ON wp_posts.ID = wp_term_relationships.object_id  WHERE wp_posts.post_type = 'post' AND wp_posts.post_status = 'publish' AND ( wp_term_relationships.term_taxonomy_id = 5 )  [ RunTime:0.029104s ]
SQL: SHOW COLUMNS FROM `wp_terms` [ RunTime:0.002797s ]
SQL: select * from wp_terms where wp_terms.slug <> 'uncategorized' [ RunTime:0.000840s ]
INFO: [ view_parse ] --START--
INFO: [ template_filter ] --START--
INFO: Run Behavior\ContentReplaceBehavior [ RunTime:0.000070s ]
INFO: [ template_filter ] --END-- [ RunTime:0.000120s ]
INFO: Run Behavior\ParseTemplateBehavior [ RunTime:0.013934s ]
INFO: [ view_parse ] --END-- [ RunTime:0.013990s ]
INFO: [ view_filter ] --START--
INFO: Run Behavior\WriteHtmlCacheBehavior [ RunTime:0.000412s ]
INFO: [ view_filter ] --END-- [ RunTime:0.000452s ]
INFO: [ app_end ] --START--
INFO: Run Behavior\ShowPageTraceBehavior [ RunTime:0.000842s ]
INFO: [ app_end ] --END-- [ RunTime:0.000908s ]

[ 2016-01-09T00:10:37+08:00 ] 127.0.0.1 /work/yaowan/page/2
INFO: [ app_init ] --START--
INFO: Run Behavior\BuildLiteBehavior [ RunTime:0.000016s ]
INFO: [ app_init ] --END-- [ RunTime:0.000444s ]
NOTIC: [8] Use of undefined constant URL_ROUTER_ON - assumed 'URL_ROUTER_ON' G:\code\work\yaowan\Application\Home\Conf\config.php 第 4 行.
NOTIC: [8] Use of undefined constant URL_ROUTE_RULES - assumed 'URL_ROUTE_RULES' G:\code\work\yaowan\Application\Home\Conf\config.php 第 6 行.
INFO: [ app_begin ] --START--
INFO: Run Behavior\ReadHtmlCacheBehavior [ RunTime:0.000594s ]
INFO: [ app_begin ] --END-- [ RunTime:0.000648s ]
SQL: SHOW COLUMNS FROM `wp_posts` [ RunTime:0.003297s ]
SQL: SHOW COLUMNS FROM `wp_posts` [ RunTime:0.004202s ]
SQL: SELECT * FROM `wp_posts` INNER JOIN wp_term_relationships ON wp_posts.ID = wp_term_relationships.object_id  WHERE wp_posts.post_type = 'post' AND wp_posts.post_status = 'publish' AND ( wp_term_relationships.term_taxonomy_id = 2 )  [ RunTime:0.000924s ]
SQL: SHOW COLUMNS FROM `wp_terms` [ RunTime:0.002971s ]
SQL: select * from wp_terms where wp_terms.slug <> 'uncategorized' [ RunTime:0.000945s ]
INFO: [ view_parse ] --START--
INFO: [ template_filter ] --START--
INFO: Run Behavior\ContentReplaceBehavior [ RunTime:0.000066s ]
INFO: [ template_filter ] --END-- [ RunTime:0.000113s ]
INFO: Run Behavior\ParseTemplateBehavior [ RunTime:0.011681s ]
INFO: [ view_parse ] --END-- [ RunTime:0.011737s ]
INFO: [ view_filter ] --START--
INFO: Run Behavior\WriteHtmlCacheBehavior [ RunTime:0.000289s ]
INFO: [ view_filter ] --END-- [ RunTime:0.000337s ]
INFO: [ app_end ] --START--
INFO: Run Behavior\ShowPageTraceBehavior [ RunTime:0.000521s ]
INFO: [ app_end ] --END-- [ RunTime:0.000562s ]

[ 2016-01-09T00:10:39+08:00 ] 127.0.0.1 /work/yaowan/page/4
INFO: [ app_init ] --START--
INFO: Run Behavior\BuildLiteBehavior [ RunTime:0.000016s ]
INFO: [ app_init ] --END-- [ RunTime:0.000457s ]
NOTIC: [8] Use of undefined constant URL_ROUTER_ON - assumed 'URL_ROUTER_ON' G:\code\work\yaowan\Application\Home\Conf\config.php 第 4 行.
NOTIC: [8] Use of undefined constant URL_ROUTE_RULES - assumed 'URL_ROUTE_RULES' G:\code\work\yaowan\Application\Home\Conf\config.php 第 6 行.
INFO: [ app_begin ] --START--
INFO: Run Behavior\ReadHtmlCacheBehavior [ RunTime:0.000643s ]
INFO: [ app_begin ] --END-- [ RunTime:0.000704s ]
SQL: SHOW COLUMNS FROM `wp_posts` [ RunTime:0.003536s ]
SQL: SHOW COLUMNS FROM `wp_posts` [ RunTime:0.003829s ]
SQL: SELECT * FROM `wp_posts` INNER JOIN wp_term_relationships ON wp_posts.ID = wp_term_relationships.object_id  WHERE wp_posts.post_type = 'post' AND wp_posts.post_status = 'publish' AND ( wp_term_relationships.term_taxonomy_id = 4 )  [ RunTime:0.001294s ]
SQL: SHOW COLUMNS FROM `wp_terms` [ RunTime:0.003544s ]
SQL: select * from wp_terms where wp_terms.slug <> 'uncategorized' [ RunTime:0.000923s ]
INFO: [ view_parse ] --START--
INFO: [ template_filter ] --START--
INFO: Run Behavior\ContentReplaceBehavior [ RunTime:0.000081s ]
INFO: [ template_filter ] --END-- [ RunTime:0.000138s ]
INFO: Run Behavior\ParseTemplateBehavior [ RunTime:0.014886s ]
INFO: [ view_parse ] --END-- [ RunTime:0.014982s ]
INFO: [ view_filter ] --START--
INFO: Run Behavior\WriteHtmlCacheBehavior [ RunTime:0.000455s ]
INFO: [ view_filter ] --END-- [ RunTime:0.000522s ]
INFO: [ app_end ] --START--
INFO: Run Behavior\ShowPageTraceBehavior [ RunTime:0.000712s ]
INFO: [ app_end ] --END-- [ RunTime:0.000760s ]

[ 2016-01-09T00:10:41+08:00 ] 127.0.0.1 /work/yaowan/newsList
INFO: [ app_init ] --START--
INFO: Run Behavior\BuildLiteBehavior [ RunTime:0.000015s ]
INFO: [ app_init ] --END-- [ RunTime:0.000432s ]
NOTIC: [8] Use of undefined constant URL_ROUTER_ON - assumed 'URL_ROUTER_ON' G:\code\work\yaowan\Application\Home\Conf\config.php 第 4 行.
NOTIC: [8] Use of undefined constant URL_ROUTE_RULES - assumed 'URL_ROUTE_RULES' G:\code\work\yaowan\Application\Home\Conf\config.php 第 6 行.
INFO: [ app_begin ] --START--
INFO: Run Behavior\ReadHtmlCacheBehavior [ RunTime:0.000638s ]
INFO: [ app_begin ] --END-- [ RunTime:0.000695s ]
SQL: SHOW COLUMNS FROM `wp_posts` [ RunTime:0.003527s ]
SQL: SHOW COLUMNS FROM `wp_posts` [ RunTime:0.003820s ]
SQL: SELECT * FROM `wp_posts` INNER JOIN wp_term_relationships ON wp_posts.ID = wp_term_relationships.object_id  WHERE wp_posts.post_type = 'post' AND wp_posts.post_status = 'publish' AND ( wp_term_relationships.term_taxonomy_id = 1 ) ORDER BY post_date DESC LIMIT 0,10   [ RunTime:0.004708s ]
SQL: SELECT count(ID) as total_count FROM `wp_posts` WHERE `post_type` = 'post' AND `post_status` = 'publish' LIMIT 1   [ RunTime:0.000482s ]
SQL: SHOW COLUMNS FROM `wp_terms` [ RunTime:0.003664s ]
SQL: select * from wp_terms where wp_terms.slug <> 'uncategorized' [ RunTime:0.001124s ]
INFO: [ view_parse ] --START--
INFO: [ template_filter ] --START--
INFO: Run Behavior\ContentReplaceBehavior [ RunTime:0.000071s ]
INFO: [ template_filter ] --END-- [ RunTime:0.000124s ]
NOTIC: [8] Undefined variable: page_id G:\code\work\yaowan\Application\Runtime\Cache\Home\0e340711eb92ee78520ea35ec299e109.php 第 19 行.
NOTIC: [8] Undefined variable: page_id G:\code\work\yaowan\Application\Runtime\Cache\Home\0e340711eb92ee78520ea35ec299e109.php 第 19 行.
NOTIC: [8] Undefined variable: page_id G:\code\work\yaowan\Application\Runtime\Cache\Home\0e340711eb92ee78520ea35ec299e109.php 第 19 行.
NOTIC: [8] Undefined variable: page_id G:\code\work\yaowan\Application\Runtime\Cache\Home\0e340711eb92ee78520ea35ec299e109.php 第 41 行.
NOTIC: [8] Undefined variable: page_id G:\code\work\yaowan\Application\Runtime\Cache\Home\0e340711eb92ee78520ea35ec299e109.php 第 41 行.
NOTIC: [8] Undefined variable: page_id G:\code\work\yaowan\Application\Runtime\Cache\Home\0e340711eb92ee78520ea35ec299e109.php 第 41 行.
INFO: Run Behavior\ParseTemplateBehavior [ RunTime:0.026993s ]
INFO: [ view_parse ] --END-- [ RunTime:0.027060s ]
INFO: [ view_filter ] --START--
INFO: Run Behavior\WriteHtmlCacheBehavior [ RunTime:0.000377s ]
INFO: [ view_filter ] --END-- [ RunTime:0.000426s ]
INFO: [ app_end ] --START--
INFO: Run Behavior\ShowPageTraceBehavior [ RunTime:0.000617s ]
INFO: [ app_end ] --END-- [ RunTime:0.000655s ]

[ 2016-01-09T00:10:43+08:00 ] 127.0.0.1 /work/yaowan/page/2
INFO: [ app_init ] --START--
INFO: Run Behavior\BuildLiteBehavior [ RunTime:0.000016s ]
INFO: [ app_init ] --END-- [ RunTime:0.000443s ]
NOTIC: [8] Use of undefined constant URL_ROUTER_ON - assumed 'URL_ROUTER_ON' G:\code\work\yaowan\Application\Home\Conf\config.php 第 4 行.
NOTIC: [8] Use of undefined constant URL_ROUTE_RULES - assumed 'URL_ROUTE_RULES' G:\code\work\yaowan\Application\Home\Conf\config.php 第 6 行.
INFO: [ app_begin ] --START--
INFO: Run Behavior\ReadHtmlCacheBehavior [ RunTime:0.000610s ]
INFO: [ app_begin ] --END-- [ RunTime:0.000663s ]
SQL: SHOW COLUMNS FROM `wp_posts` [ RunTime:0.003197s ]
SQL: SHOW COLUMNS FROM `wp_posts` [ RunTime:0.003652s ]
SQL: SELECT * FROM `wp_posts` INNER JOIN wp_term_relationships ON wp_posts.ID = wp_term_relationships.object_id  WHERE wp_posts.post_type = 'post' AND wp_posts.post_status = 'publish' AND ( wp_term_relationships.term_taxonomy_id = 2 )  [ RunTime:0.001326s ]
SQL: SHOW COLUMNS FROM `wp_terms` [ RunTime:0.002948s ]
SQL: select * from wp_terms where wp_terms.slug <> 'uncategorized' [ RunTime:0.000898s ]
INFO: [ view_parse ] --START--
INFO: [ template_filter ] --START--
INFO: Run Behavior\ContentReplaceBehavior [ RunTime:0.000142s ]
INFO: [ template_filter ] --END-- [ RunTime:0.000195s ]
INFO: Run Behavior\ParseTemplateBehavior [ RunTime:0.012379s ]
INFO: [ view_parse ] --END-- [ RunTime:0.012448s ]
INFO: [ view_filter ] --START--
INFO: Run Behavior\WriteHtmlCacheBehavior [ RunTime:0.000401s ]
INFO: [ view_filter ] --END-- [ RunTime:0.000510s ]
INFO: [ app_end ] --START--
INFO: Run Behavior\ShowPageTraceBehavior [ RunTime:0.000638s ]
INFO: [ app_end ] --END-- [ RunTime:0.000682s ]

[ 2016-01-09T00:10:46+08:00 ] 127.0.0.1 /work/yaowan/newsList
INFO: [ app_init ] --START--
INFO: Run Behavior\BuildLiteBehavior [ RunTime:0.000017s ]
INFO: [ app_init ] --END-- [ RunTime:0.000455s ]
NOTIC: [8] Use of undefined constant URL_ROUTER_ON - assumed 'URL_ROUTER_ON' G:\code\work\yaowan\Application\Home\Conf\config.php 第 4 行.
NOTIC: [8] Use of undefined constant URL_ROUTE_RULES - assumed 'URL_ROUTE_RULES' G:\code\work\yaowan\Application\Home\Conf\config.php 第 6 行.
INFO: [ app_begin ] --START--
INFO: Run Behavior\ReadHtmlCacheBehavior [ RunTime:0.000729s ]
INFO: [ app_begin ] --END-- [ RunTime:0.000784s ]
SQL: SHOW COLUMNS FROM `wp_posts` [ RunTime:0.003750s ]
SQL: SHOW COLUMNS FROM `wp_posts` [ RunTime:0.003343s ]
SQL: SELECT * FROM `wp_posts` INNER JOIN wp_term_relationships ON wp_posts.ID = wp_term_relationships.object_id  WHERE wp_posts.post_type = 'post' AND wp_posts.post_status = 'publish' AND ( wp_term_relationships.term_taxonomy_id = 1 ) ORDER BY post_date DESC LIMIT 0,10   [ RunTime:0.000868s ]
SQL: SELECT count(ID) as total_count FROM `wp_posts` WHERE `post_type` = 'post' AND `post_status` = 'publish' LIMIT 1   [ RunTime:0.000162s ]
SQL: SHOW COLUMNS FROM `wp_terms` [ RunTime:0.002467s ]
SQL: select * from wp_terms where wp_terms.slug <> 'uncategorized' [ RunTime:0.000884s ]
INFO: [ view_parse ] --START--
INFO: [ template_filter ] --START--
INFO: Run Behavior\ContentReplaceBehavior [ RunTime:0.000070s ]
INFO: [ template_filter ] --END-- [ RunTime:0.000120s ]
NOTIC: [8] Undefined variable: page_id G:\code\work\yaowan\Application\Runtime\Cache\Home\0e340711eb92ee78520ea35ec299e109.php 第 19 行.
NOTIC: [8] Undefined variable: page_id G:\code\work\yaowan\Application\Runtime\Cache\Home\0e340711eb92ee78520ea35ec299e109.php 第 19 行.
NOTIC: [8] Undefined variable: page_id G:\code\work\yaowan\Application\Runtime\Cache\Home\0e340711eb92ee78520ea35ec299e109.php 第 19 行.
NOTIC: [8] Undefined variable: page_id G:\code\work\yaowan\Application\Runtime\Cache\Home\0e340711eb92ee78520ea35ec299e109.php 第 41 行.
NOTIC: [8] Undefined variable: page_id G:\code\work\yaowan\Application\Runtime\Cache\Home\0e340711eb92ee78520ea35ec299e109.php 第 41 行.
NOTIC: [8] Undefined variable: page_id G:\code\work\yaowan\Application\Runtime\Cache\Home\0e340711eb92ee78520ea35ec299e109.php 第 41 行.
INFO: Run Behavior\ParseTemplateBehavior [ RunTime:0.010825s ]
INFO: [ view_parse ] --END-- [ RunTime:0.010872s ]
INFO: [ view_filter ] --START--
INFO: Run Behavior\WriteHtmlCacheBehavior [ RunTime:0.000286s ]
INFO: [ view_filter ] --END-- [ RunTime:0.000321s ]
INFO: [ app_end ] --START--
INFO: Run Behavior\ShowPageTraceBehavior [ RunTime:0.000541s ]
INFO: [ app_end ] --END-- [ RunTime:0.000580s ]

[ 2016-01-09T00:10:47+08:00 ] 127.0.0.1 /work/yaowan/news/66
INFO: [ app_init ] --START--
INFO: Run Behavior\BuildLiteBehavior [ RunTime:0.000017s ]
INFO: [ app_init ] --END-- [ RunTime:0.000466s ]
NOTIC: [8] Use of undefined constant URL_ROUTER_ON - assumed 'URL_ROUTER_ON' G:\code\work\yaowan\Application\Home\Conf\config.php 第 4 行.
NOTIC: [8] Use of undefined constant URL_ROUTE_RULES - assumed 'URL_ROUTE_RULES' G:\code\work\yaowan\Application\Home\Conf\config.php 第 6 行.
INFO: [ app_begin ] --START--
INFO: Run Behavior\ReadHtmlCacheBehavior [ RunTime:0.000681s ]
INFO: [ app_begin ] --END-- [ RunTime:0.000745s ]
SQL: SHOW COLUMNS FROM `wp_posts` [ RunTime:0.003692s ]
SQL: SELECT * FROM `wp_posts` WHERE `post_type` = 'post' AND `ID` = '66'  [ RunTime:0.001202s ]
SQL: SHOW COLUMNS FROM `wp_terms` [ RunTime:0.003775s ]
SQL: select * from wp_terms where wp_terms.slug <> 'uncategorized' [ RunTime:0.001016s ]
INFO: [ view_parse ] --START--
INFO: [ template_filter ] --START--
INFO: Run Behavior\ContentReplaceBehavior [ RunTime:0.000075s ]
INFO: [ template_filter ] --END-- [ RunTime:0.000166s ]
NOTIC: [8] Undefined variable: page_id G:\code\work\yaowan\Application\Runtime\Cache\Home\6be51b3900cccae2c73119baf20891ff.php 第 18 行.
NOTIC: [8] Undefined variable: page_id G:\code\work\yaowan\Application\Runtime\Cache\Home\6be51b3900cccae2c73119baf20891ff.php 第 18 行.
NOTIC: [8] Undefined variable: page_id G:\code\work\yaowan\Application\Runtime\Cache\Home\6be51b3900cccae2c73119baf20891ff.php 第 18 行.
NOTIC: [8] Undefined variable: page_id G:\code\work\yaowan\Application\Runtime\Cache\Home\6be51b3900cccae2c73119baf20891ff.php 第 40 行.
NOTIC: [8] Undefined variable: page_id G:\code\work\yaowan\Application\Runtime\Cache\Home\6be51b3900cccae2c73119baf20891ff.php 第 40 行.
NOTIC: [8] Undefined variable: page_id G:\code\work\yaowan\Application\Runtime\Cache\Home\6be51b3900cccae2c73119baf20891ff.php 第 40 行.
INFO: Run Behavior\ParseTemplateBehavior [ RunTime:0.020895s ]
INFO: [ view_parse ] --END-- [ RunTime:0.020952s ]
INFO: [ view_filter ] --START--
INFO: Run Behavior\WriteHtmlCacheBehavior [ RunTime:0.000309s ]
INFO: [ view_filter ] --END-- [ RunTime:0.000353s ]
INFO: [ app_end ] --START--
INFO: Run Behavior\ShowPageTraceBehavior [ RunTime:0.000782s ]
INFO: [ app_end ] --END-- [ RunTime:0.000841s ]

[ 2016-01-09T00:10:51+08:00 ] 127.0.0.1 /work/yaowan/contact
INFO: [ app_init ] --START--
INFO: Run Behavior\BuildLiteBehavior [ RunTime:0.000019s ]
INFO: [ app_init ] --END-- [ RunTime:0.000512s ]
NOTIC: [8] Use of undefined constant URL_ROUTER_ON - assumed 'URL_ROUTER_ON' G:\code\work\yaowan\Application\Home\Conf\config.php 第 4 行.
NOTIC: [8] Use of undefined constant URL_ROUTE_RULES - assumed 'URL_ROUTE_RULES' G:\code\work\yaowan\Application\Home\Conf\config.php 第 6 行.
INFO: [ app_begin ] --START--
INFO: Run Behavior\ReadHtmlCacheBehavior [ RunTime:0.000646s ]
INFO: [ app_begin ] --END-- [ RunTime:0.000702s ]
SQL: SHOW COLUMNS FROM `wp_terms` [ RunTime:0.004004s ]
SQL: select * from wp_terms where wp_terms.slug <> 'uncategorized' [ RunTime:0.001094s ]
INFO: [ view_parse ] --START--
INFO: [ template_filter ] --START--
INFO: Run Behavior\ContentReplaceBehavior [ RunTime:0.000092s ]
INFO: [ template_filter ] --END-- [ RunTime:0.000151s ]
NOTIC: [8] Undefined variable: page_id G:\code\work\yaowan\Application\Runtime\Cache\Home\eb2e5548204b43da1a4358751a3a2cb1.php 第 28 行.
NOTIC: [8] Undefined variable: page_id G:\code\work\yaowan\Application\Runtime\Cache\Home\eb2e5548204b43da1a4358751a3a2cb1.php 第 28 行.
NOTIC: [8] Undefined variable: page_id G:\code\work\yaowan\Application\Runtime\Cache\Home\eb2e5548204b43da1a4358751a3a2cb1.php 第 28 行.
NOTIC: [8] Undefined variable: page_id G:\code\work\yaowan\Application\Runtime\Cache\Home\eb2e5548204b43da1a4358751a3a2cb1.php 第 50 行.
NOTIC: [8] Undefined variable: page_id G:\code\work\yaowan\Application\Runtime\Cache\Home\eb2e5548204b43da1a4358751a3a2cb1.php 第 50 行.
NOTIC: [8] Undefined variable: page_id G:\code\work\yaowan\Application\Runtime\Cache\Home\eb2e5548204b43da1a4358751a3a2cb1.php 第 50 行.
INFO: Run Behavior\ParseTemplateBehavior [ RunTime:0.021224s ]
INFO: [ view_parse ] --END-- [ RunTime:0.021285s ]
INFO: [ view_filter ] --START--
INFO: Run Behavior\WriteHtmlCacheBehavior [ RunTime:0.000331s ]
INFO: [ view_filter ] --END-- [ RunTime:0.000376s ]
INFO: [ app_end ] --START--
INFO: Run Behavior\ShowPageTraceBehavior [ RunTime:0.000690s ]
INFO: [ app_end ] --END-- [ RunTime:0.000736s ]

[ 2016-01-09T00:10:53+08:00 ] 127.0.0.1 /work/yaowan/page/4
INFO: [ app_init ] --START--
INFO: Run Behavior\BuildLiteBehavior [ RunTime:0.000018s ]
INFO: [ app_init ] --END-- [ RunTime:0.000490s ]
NOTIC: [8] Use of undefined constant URL_ROUTER_ON - assumed 'URL_ROUTER_ON' G:\code\work\yaowan\Application\Home\Conf\config.php 第 4 行.
NOTIC: [8] Use of undefined constant URL_ROUTE_RULES - assumed 'URL_ROUTE_RULES' G:\code\work\yaowan\Application\Home\Conf\config.php 第 6 行.
INFO: [ app_begin ] --START--
INFO: Run Behavior\ReadHtmlCacheBehavior [ RunTime:0.000629s ]
INFO: [ app_begin ] --END-- [ RunTime:0.000684s ]
SQL: SHOW COLUMNS FROM `wp_posts` [ RunTime:0.004245s ]
SQL: SHOW COLUMNS FROM `wp_posts` [ RunTime:0.004245s ]
SQL: SELECT * FROM `wp_posts` INNER JOIN wp_term_relationships ON wp_posts.ID = wp_term_relationships.object_id  WHERE wp_posts.post_type = 'post' AND wp_posts.post_status = 'publish' AND ( wp_term_relationships.term_taxonomy_id = 4 )  [ RunTime:0.000972s ]
SQL: SHOW COLUMNS FROM `wp_terms` [ RunTime:0.002877s ]
SQL: select * from wp_terms where wp_terms.slug <> 'uncategorized' [ RunTime:0.000948s ]
INFO: [ view_parse ] --START--
INFO: [ template_filter ] --START--
INFO: Run Behavior\ContentReplaceBehavior [ RunTime:0.000084s ]
INFO: [ template_filter ] --END-- [ RunTime:0.000147s ]
INFO: Run Behavior\ParseTemplateBehavior [ RunTime:0.014232s ]
INFO: [ view_parse ] --END-- [ RunTime:0.014294s ]
INFO: [ view_filter ] --START--
INFO: Run Behavior\WriteHtmlCacheBehavior [ RunTime:0.000428s ]
INFO: [ view_filter ] --END-- [ RunTime:0.000480s ]
INFO: [ app_end ] --START--
INFO: Run Behavior\ShowPageTraceBehavior [ RunTime:0.000883s ]
INFO: [ app_end ] --END-- [ RunTime:0.000975s ]

[ 2016-01-09T00:10:53+08:00 ] 127.0.0.1 /work/yaowan/page/5
INFO: [ app_init ] --START--
INFO: Run Behavior\BuildLiteBehavior [ RunTime:0.000017s ]
INFO: [ app_init ] --END-- [ RunTime:0.000447s ]
NOTIC: [8] Use of undefined constant URL_ROUTER_ON - assumed 'URL_ROUTER_ON' G:\code\work\yaowan\Application\Home\Conf\config.php 第 4 行.
NOTIC: [8] Use of undefined constant URL_ROUTE_RULES - assumed 'URL_ROUTE_RULES' G:\code\work\yaowan\Application\Home\Conf\config.php 第 6 行.
INFO: [ app_begin ] --START--
INFO: Run Behavior\ReadHtmlCacheBehavior [ RunTime:0.000595s ]
INFO: [ app_begin ] --END-- [ RunTime:0.000647s ]
SQL: SHOW COLUMNS FROM `wp_posts` [ RunTime:0.003650s ]
SQL: SHOW COLUMNS FROM `wp_posts` [ RunTime:0.004437s ]
SQL: SELECT * FROM `wp_posts` INNER JOIN wp_term_relationships ON wp_posts.ID = wp_term_relationships.object_id  WHERE wp_posts.post_type = 'post' AND wp_posts.post_status = 'publish' AND ( wp_term_relationships.term_taxonomy_id = 5 )  [ RunTime:0.001008s ]
SQL: SHOW COLUMNS FROM `wp_terms` [ RunTime:0.002696s ]
SQL: select * from wp_terms where wp_terms.slug <> 'uncategorized' [ RunTime:0.000870s ]
INFO: [ view_parse ] --START--
INFO: [ template_filter ] --START--
INFO: Run Behavior\ContentReplaceBehavior [ RunTime:0.000068s ]
INFO: [ template_filter ] --END-- [ RunTime:0.000118s ]
INFO: Run Behavior\ParseTemplateBehavior [ RunTime:0.011555s ]
INFO: [ view_parse ] --END-- [ RunTime:0.011610s ]
INFO: [ view_filter ] --START--
INFO: Run Behavior\WriteHtmlCacheBehavior [ RunTime:0.000266s ]
INFO: [ view_filter ] --END-- [ RunTime:0.000301s ]
INFO: [ app_end ] --START--
INFO: Run Behavior\ShowPageTraceBehavior [ RunTime:0.000721s ]
INFO: [ app_end ] --END-- [ RunTime:0.000790s ]

[ 2016-01-09T00:10:54+08:00 ] 127.0.0.1 /work/yaowan/page/2
INFO: [ app_init ] --START--
INFO: Run Behavior\BuildLiteBehavior [ RunTime:0.000017s ]
INFO: [ app_init ] --END-- [ RunTime:0.000425s ]
NOTIC: [8] Use of undefined constant URL_ROUTER_ON - assumed 'URL_ROUTER_ON' G:\code\work\yaowan\Application\Home\Conf\config.php 第 4 行.
NOTIC: [8] Use of undefined constant URL_ROUTE_RULES - assumed 'URL_ROUTE_RULES' G:\code\work\yaowan\Application\Home\Conf\config.php 第 6 行.
INFO: [ app_begin ] --START--
INFO: Run Behavior\ReadHtmlCacheBehavior [ RunTime:0.000628s ]
INFO: [ app_begin ] --END-- [ RunTime:0.000699s ]
SQL: SHOW COLUMNS FROM `wp_posts` [ RunTime:0.003936s ]
SQL: SHOW COLUMNS FROM `wp_posts` [ RunTime:0.003996s ]
SQL: SELECT * FROM `wp_posts` INNER JOIN wp_term_relationships ON wp_posts.ID = wp_term_relationships.object_id  WHERE wp_posts.post_type = 'post' AND wp_posts.post_status = 'publish' AND ( wp_term_relationships.term_taxonomy_id = 2 )  [ RunTime:0.000994s ]
SQL: SHOW COLUMNS FROM `wp_terms` [ RunTime:0.002934s ]
SQL: select * from wp_terms where wp_terms.slug <> 'uncategorized' [ RunTime:0.001179s ]
INFO: [ view_parse ] --START--
INFO: [ template_filter ] --START--
INFO: Run Behavior\ContentReplaceBehavior [ RunTime:0.000071s ]
INFO: [ template_filter ] --END-- [ RunTime:0.000121s ]
INFO: Run Behavior\ParseTemplateBehavior [ RunTime:0.011853s ]
INFO: [ view_parse ] --END-- [ RunTime:0.011910s ]
INFO: [ view_filter ] --START--
INFO: Run Behavior\WriteHtmlCacheBehavior [ RunTime:0.000251s ]
INFO: [ view_filter ] --END-- [ RunTime:0.000288s ]
INFO: [ app_end ] --START--
INFO: Run Behavior\ShowPageTraceBehavior [ RunTime:0.000589s ]
INFO: [ app_end ] --END-- [ RunTime:0.000630s ]

[ 2016-01-09T00:10:54+08:00 ] 127.0.0.1 /work/yaowan/
INFO: [ app_init ] --START--
INFO: Run Behavior\BuildLiteBehavior [ RunTime:0.000017s ]
INFO: [ app_init ] --END-- [ RunTime:0.000466s ]
NOTIC: [8] Use of undefined constant URL_ROUTER_ON - assumed 'URL_ROUTER_ON' G:\code\work\yaowan\Application\Home\Conf\config.php 第 4 行.
NOTIC: [8] Use of undefined constant URL_ROUTE_RULES - assumed 'URL_ROUTE_RULES' G:\code\work\yaowan\Application\Home\Conf\config.php 第 6 行.
INFO: [ app_begin ] --START--
INFO: Run Behavior\ReadHtmlCacheBehavior [ RunTime:0.000636s ]
INFO: [ app_begin ] --END-- [ RunTime:0.000688s ]
SQL: SHOW COLUMNS FROM `wp_posts` [ RunTime:0.003834s ]
SQL: SELECT `post_author`,`post_date`,`post_date_gmt`,`post_content`,`post_title`,`post_excerpt`,`post_status`,`comment_status`,`ping_status`,`post_password`,`post_name`,`to_ping`,`pinged`,`post_modified`,`post_modified_gmt`,`post_content_filtered`,`post_parent`,`guid`,`menu_order`,`post_type`,`post_mime_type`,`comment_count` FROM `wp_posts` WHERE `post_type` = 'attachment' AND `post_title` = 'slider' ORDER BY post_date DESC LIMIT 5   [ RunTime:0.000758s ]
SQL: SHOW COLUMNS FROM `wp_posts` [ RunTime:0.003298s ]
SQL: SHOW COLUMNS FROM `wp_posts` [ RunTime:0.003742s ]
SQL: SELECT * FROM `wp_posts` INNER JOIN wp_term_relationships ON wp_posts.ID = wp_term_relationships.object_id  WHERE wp_posts.post_type = 'post' AND wp_posts.post_status = 'publish' AND ( wp_term_relationships.term_taxonomy_id = 1 ) ORDER BY post_date DESC LIMIT 3   [ RunTime:0.000961s ]
SQL: SHOW COLUMNS FROM `wp_terms` [ RunTime:0.002965s ]
SQL: select * from wp_terms where wp_terms.slug <> 'uncategorized' [ RunTime:0.000885s ]
NOTIC: [2] Missing argument 1 for Think\Controller::show(), called in G:\code\work\yaowan\Application\Home\Controller\IndexController.class.php on line 18 and defined G:\code\work\yaowan\ThinkPHP\Library\Think\Controller.class.php 第 68 行.
NOTIC: [8] Undefined variable: content G:\code\work\yaowan\ThinkPHP\Library\Think\Controller.class.php 第 69 行.
INFO: [ view_parse ] --START--
INFO: [ template_filter ] --START--
INFO: Run Behavior\ContentReplaceBehavior [ RunTime:0.000091s ]
INFO: [ template_filter ] --END-- [ RunTime:0.000162s ]
NOTIC: [8] Undefined variable: page_id G:\code\work\yaowan\Application\Runtime\Cache\Home\2a94b8bda04ff446dcedd42276fc99ee.php 第 18 行.
NOTIC: [8] Undefined variable: page_id G:\code\work\yaowan\Application\Runtime\Cache\Home\2a94b8bda04ff446dcedd42276fc99ee.php 第 18 行.
NOTIC: [8] Undefined variable: page_id G:\code\work\yaowan\Application\Runtime\Cache\Home\2a94b8bda04ff446dcedd42276fc99ee.php 第 18 行.
NOTIC: [8] Undefined variable: page_id G:\code\work\yaowan\Application\Runtime\Cache\Home\2a94b8bda04ff446dcedd42276fc99ee.php 第 40 行.
NOTIC: [8] Undefined variable: page_id G:\code\work\yaowan\Application\Runtime\Cache\Home\2a94b8bda04ff446dcedd42276fc99ee.php 第 40 行.
NOTIC: [8] Undefined variable: page_id G:\code\work\yaowan\Application\Runtime\Cache\Home\2a94b8bda04ff446dcedd42276fc99ee.php 第 40 行.
NOTIC: [8] A non well formed numeric value encountered G:\code\work\yaowan\Application\Runtime\Cache\Home\2a94b8bda04ff446dcedd42276fc99ee.php 第 76 行.
NOTIC: [8] A non well formed numeric value encountered G:\code\work\yaowan\Application\Runtime\Cache\Home\2a94b8bda04ff446dcedd42276fc99ee.php 第 76 行.
NOTIC: [8] A non well formed numeric value encountered G:\code\work\yaowan\Application\Runtime\Cache\Home\2a94b8bda04ff446dcedd42276fc99ee.php 第 76 行.
NOTIC: [8] A non well formed numeric value encountered G:\code\work\yaowan\Application\Runtime\Cache\Home\2a94b8bda04ff446dcedd42276fc99ee.php 第 76 行.
NOTIC: [8] A non well formed numeric value encountered G:\code\work\yaowan\Application\Runtime\Cache\Home\2a94b8bda04ff446dcedd42276fc99ee.php 第 76 行.
NOTIC: [8] A non well formed numeric value encountered G:\code\work\yaowan\Application\Runtime\Cache\Home\2a94b8bda04ff446dcedd42276fc99ee.php 第 76 行.
INFO: Run Behavior\ParseTemplateBehavior [ RunTime:0.013596s ]
INFO: [ view_parse ] --END-- [ RunTime:0.013646s ]
INFO: [ view_filter ] --START--
INFO: Run Behavior\WriteHtmlCacheBehavior [ RunTime:0.000340s ]
INFO: [ view_filter ] --END-- [ RunTime:0.000382s ]
INFO: [ app_end ] --START--
INFO: Run Behavior\ShowPageTraceBehavior [ RunTime:0.000629s ]
INFO: [ app_end ] --END-- [ RunTime:0.000673s ]

[ 2016-01-09T00:11:43+08:00 ] 127.0.0.1 /work/yaowan/page/2
INFO: [ app_init ] --START--
INFO: Run Behavior\BuildLiteBehavior [ RunTime:0.000036s ]
INFO: [ app_init ] --END-- [ RunTime:0.001072s ]
NOTIC: [8] Use of undefined constant URL_ROUTER_ON - assumed 'URL_ROUTER_ON' G:\code\work\yaowan\Application\Home\Conf\config.php 第 4 行.
NOTIC: [8] Use of undefined constant URL_ROUTE_RULES - assumed 'URL_ROUTE_RULES' G:\code\work\yaowan\Application\Home\Conf\config.php 第 6 行.
INFO: [ app_begin ] --START--
INFO: Run Behavior\ReadHtmlCacheBehavior [ RunTime:0.000769s ]
INFO: [ app_begin ] --END-- [ RunTime:0.000846s ]
SQL: SHOW COLUMNS FROM `wp_posts` [ RunTime:0.004541s ]
SQL: SHOW COLUMNS FROM `wp_posts` [ RunTime:0.005568s ]
SQL: SELECT * FROM `wp_posts` INNER JOIN wp_term_relationships ON wp_posts.ID = wp_term_relationships.object_id  WHERE wp_posts.post_type = 'post' AND wp_posts.post_status = 'publish' AND ( wp_term_relationships.term_taxonomy_id = 2 )  [ RunTime:0.001765s ]
SQL: SHOW COLUMNS FROM `wp_terms` [ RunTime:0.004106s ]
SQL: select * from wp_terms where wp_terms.slug <> 'uncategorized' [ RunTime:0.001141s ]
INFO: [ view_parse ] --START--
INFO: [ template_filter ] --START--
INFO: Run Behavior\ContentReplaceBehavior [ RunTime:0.000131s ]
INFO: [ template_filter ] --END-- [ RunTime:0.000221s ]
INFO: Run Behavior\ParseTemplateBehavior [ RunTime:0.017493s ]
INFO: [ view_parse ] --END-- [ RunTime:0.017609s ]
INFO: [ view_filter ] --START--
INFO: Run Behavior\WriteHtmlCacheBehavior [ RunTime:0.000453s ]
INFO: [ view_filter ] --END-- [ RunTime:0.000523s ]
INFO: [ app_end ] --START--
INFO: Run Behavior\ShowPageTraceBehavior [ RunTime:0.000790s ]
INFO: [ app_end ] --END-- [ RunTime:0.000846s ]

[ 2016-01-09T00:11:47+08:00 ] 127.0.0.1 /work/yaowan/page/5
INFO: [ app_init ] --START--
INFO: Run Behavior\BuildLiteBehavior [ RunTime:0.000017s ]
INFO: [ app_init ] --END-- [ RunTime:0.000441s ]
NOTIC: [8] Use of undefined constant URL_ROUTER_ON - assumed 'URL_ROUTER_ON' G:\code\work\yaowan\Application\Home\Conf\config.php 第 4 行.
NOTIC: [8] Use of undefined constant URL_ROUTE_RULES - assumed 'URL_ROUTE_RULES' G:\code\work\yaowan\Application\Home\Conf\config.php 第 6 行.
INFO: [ app_begin ] --START--
INFO: Run Behavior\ReadHtmlCacheBehavior [ RunTime:0.000625s ]
INFO: [ app_begin ] --END-- [ RunTime:0.000678s ]
SQL: SHOW COLUMNS FROM `wp_posts` [ RunTime:0.003138s ]
SQL: SHOW COLUMNS FROM `wp_posts` [ RunTime:0.003336s ]
SQL: SELECT * FROM `wp_posts` INNER JOIN wp_term_relationships ON wp_posts.ID = wp_term_relationships.object_id  WHERE wp_posts.post_type = 'post' AND wp_posts.post_status = 'publish' AND ( wp_term_relationships.term_taxonomy_id = 5 )  [ RunTime:0.000840s ]
SQL: SHOW COLUMNS FROM `wp_terms` [ RunTime:0.002670s ]
SQL: select * from wp_terms where wp_terms.slug <> 'uncategorized' [ RunTime:0.001068s ]
INFO: [ view_parse ] --START--
INFO: [ template_filter ] --START--
INFO: Run Behavior\ContentReplaceBehavior [ RunTime:0.000127s ]
INFO: [ template_filter ] --END-- [ RunTime:0.000204s ]
INFO: Run Behavior\ParseTemplateBehavior [ RunTime:0.011912s ]
INFO: [ view_parse ] --END-- [ RunTime:0.011968s ]
INFO: [ view_filter ] --START--
INFO: Run Behavior\WriteHtmlCacheBehavior [ RunTime:0.000290s ]
INFO: [ view_filter ] --END-- [ RunTime:0.000326s ]
INFO: [ app_end ] --START--
INFO: Run Behavior\ShowPageTraceBehavior [ RunTime:0.000681s ]
INFO: [ app_end ] --END-- [ RunTime:0.000740s ]

