[ 2016-03-21T11:35:56+08:00 ] 127.0.0.1 /work/yaowan/
INFO: [ app_init ] --START--
INFO: Run Behavior\BuildLiteBehavior [ RunTime:0.000017s ]
INFO: [ app_init ] --END-- [ RunTime:0.003324s ]
NOTIC: [8] Use of undefined constant URL_ROUTER_ON - assumed 'URL_ROUTER_ON' H:\code\work\yaowan\Application\Home\Conf\config.php 第 4 行.
NOTIC: [8] Use of undefined constant URL_ROUTE_RULES - assumed 'URL_ROUTE_RULES' H:\code\work\yaowan\Application\Home\Conf\config.php 第 6 行.
INFO: [ app_begin ] --START--
INFO: Run Behavior\ReadHtmlCacheBehavior [ RunTime:0.023056s ]
INFO: [ app_begin ] --END-- [ RunTime:0.023123s ]
SQL: SHOW COLUMNS FROM `wp_posts` [ RunTime:0.006810s ]
ERR: 1146:Table 'yaowan_db.wp_posts' doesn't exist
 [ SQL语句 ] : SHOW COLUMNS FROM `wp_posts`
SQL: SELECT `ID` FROM `wp_posts` WHERE `post_type` = 'attachment' AND `post_title` = 'slider' ORDER BY post_date DESC LIMIT 5   [ RunTime:0.003974s ]
ERR: 1146:Table 'yaowan_db.wp_posts' doesn't exist
 [ SQL语句 ] : SELECT `ID` FROM `wp_posts` WHERE `post_type` = 'attachment' AND `post_title` = 'slider' ORDER BY post_date DESC LIMIT 5  
SQL: SHOW COLUMNS FROM `wp_posts` [ RunTime:0.004969s ]
ERR: 1146:Table 'yaowan_db.wp_posts' doesn't exist
 [ SQL语句 ] : SHOW COLUMNS FROM `wp_posts`
SQL: SHOW COLUMNS FROM `wp_posts` [ RunTime:0.004724s ]
ERR: 1146:Table 'yaowan_db.wp_posts' doesn't exist
 [ SQL语句 ] : SHOW COLUMNS FROM `wp_posts`
SQL: SELECT * FROM `wp_posts` INNER JOIN wp_term_relationships ON wp_posts.ID = wp_term_relationships.object_id  WHERE wp_posts.post_type = 'post' AND wp_posts.post_status = 'publish' AND ( wp_term_relationships.term_taxonomy_id = 1 ) ORDER BY post_date DESC LIMIT 3   [ RunTime:0.004116s ]
ERR: 1146:Table 'yaowan_db.wp_posts' doesn't exist
 [ SQL语句 ] : SELECT * FROM `wp_posts` INNER JOIN wp_term_relationships ON wp_posts.ID = wp_term_relationships.object_id  WHERE wp_posts.post_type = 'post' AND wp_posts.post_status = 'publish' AND ( wp_term_relationships.term_taxonomy_id = 1 ) ORDER BY post_date DESC LIMIT 3  
SQL: SHOW COLUMNS FROM `wp_terms` [ RunTime:0.005753s ]
ERR: 1146:Table 'yaowan_db.wp_terms' doesn't exist
 [ SQL语句 ] : SHOW COLUMNS FROM `wp_terms`
SQL: select * from wp_terms where wp_terms.slug <> 'uncategorized' [ RunTime:0.003866s ]
ERR: 1146:Table 'yaowan_db.wp_terms' doesn't exist
 [ SQL语句 ] : select * from wp_terms where wp_terms.slug <> 'uncategorized'
NOTIC: [2] Missing argument 1 for Think\Controller::show(), called in H:\code\work\yaowan\Application\Home\Controller\IndexController.class.php on line 18 and defined H:\code\work\yaowan\ThinkPHP\Library\Think\Controller.class.php 第 68 行.
NOTIC: [8] Undefined variable: content H:\code\work\yaowan\ThinkPHP\Library\Think\Controller.class.php 第 69 行.
INFO: [ view_parse ] --START--
INFO: [ template_filter ] --START--
INFO: Run Behavior\ContentReplaceBehavior [ RunTime:0.000064s ]
INFO: [ template_filter ] --END-- [ RunTime:0.000110s ]
INFO: Run Behavior\ParseTemplateBehavior [ RunTime:0.106013s ]
INFO: [ view_parse ] --END-- [ RunTime:0.106088s ]
INFO: [ view_filter ] --START--
INFO: Run Behavior\WriteHtmlCacheBehavior [ RunTime:0.023828s ]
INFO: [ view_filter ] --END-- [ RunTime:0.023876s ]
INFO: [ app_end ] --START--
INFO: Run Behavior\ShowPageTraceBehavior [ RunTime:0.000751s ]
INFO: [ app_end ] --END-- [ RunTime:0.000790s ]

[ 2016-03-21T11:36:14+08:00 ] 127.0.0.1 /work/yaowan/Public/css/style.css.map
INFO: [ app_init ] --START--
INFO: Run Behavior\BuildLiteBehavior [ RunTime:0.000021s ]
INFO: [ app_init ] --END-- [ RunTime:0.000531s ]
NOTIC: [8] Use of undefined constant URL_ROUTER_ON - assumed 'URL_ROUTER_ON' H:\code\work\yaowan\Application\Home\Conf\config.php 第 4 行.
NOTIC: [8] Use of undefined constant URL_ROUTE_RULES - assumed 'URL_ROUTE_RULES' H:\code\work\yaowan\Application\Home\Conf\config.php 第 6 行.
INFO: [ app_begin ] --START--
INFO: Run Behavior\ReadHtmlCacheBehavior [ RunTime:0.000856s ]
INFO: [ app_begin ] --END-- [ RunTime:0.000953s ]
ERR: 无法加载控制器:Public

[ 2016-03-21T11:36:14+08:00 ] 127.0.0.1 /work/yaowan/Public/css/common.css.map
INFO: [ app_init ] --START--
INFO: Run Behavior\BuildLiteBehavior [ RunTime:0.000015s ]
INFO: [ app_init ] --END-- [ RunTime:0.000368s ]
NOTIC: [8] Use of undefined constant URL_ROUTER_ON - assumed 'URL_ROUTER_ON' H:\code\work\yaowan\Application\Home\Conf\config.php 第 4 行.
NOTIC: [8] Use of undefined constant URL_ROUTE_RULES - assumed 'URL_ROUTE_RULES' H:\code\work\yaowan\Application\Home\Conf\config.php 第 6 行.
INFO: [ app_begin ] --START--
INFO: Run Behavior\ReadHtmlCacheBehavior [ RunTime:0.000647s ]
INFO: [ app_begin ] --END-- [ RunTime:0.000716s ]
ERR: 无法加载控制器:Public

[ 2016-03-21T11:36:48+08:00 ] 127.0.0.1 /work/yaowan/wp-admin
INFO: [ app_init ] --START--
INFO: Run Behavior\BuildLiteBehavior [ RunTime:0.000015s ]
INFO: [ app_init ] --END-- [ RunTime:0.000307s ]
NOTIC: [8] Use of undefined constant URL_ROUTER_ON - assumed 'URL_ROUTER_ON' H:\code\work\yaowan\Application\Home\Conf\config.php 第 4 行.
NOTIC: [8] Use of undefined constant URL_ROUTE_RULES - assumed 'URL_ROUTE_RULES' H:\code\work\yaowan\Application\Home\Conf\config.php 第 6 行.
INFO: [ app_begin ] --START--
INFO: Run Behavior\ReadHtmlCacheBehavior [ RunTime:0.000451s ]
INFO: [ app_begin ] --END-- [ RunTime:0.000498s ]
ERR: 无法加载控制器:Wp-admin

[ 2016-03-21T11:37:43+08:00 ] 127.0.0.1 /work/yaowan/wrodpress
INFO: [ app_init ] --START--
INFO: Run Behavior\BuildLiteBehavior [ RunTime:0.000015s ]
INFO: [ app_init ] --END-- [ RunTime:0.000412s ]
NOTIC: [8] Use of undefined constant URL_ROUTER_ON - assumed 'URL_ROUTER_ON' H:\code\work\yaowan\Application\Home\Conf\config.php 第 4 行.
NOTIC: [8] Use of undefined constant URL_ROUTE_RULES - assumed 'URL_ROUTE_RULES' H:\code\work\yaowan\Application\Home\Conf\config.php 第 6 行.
INFO: [ app_begin ] --START--
INFO: Run Behavior\ReadHtmlCacheBehavior [ RunTime:0.000637s ]
INFO: [ app_begin ] --END-- [ RunTime:0.000690s ]
ERR: 无法加载控制器:Wrodpress

[ 2016-03-21T20:35:03+08:00 ] 127.0.0.1 /work/yaowan/
INFO: [ app_init ] --START--
INFO: Run Behavior\BuildLiteBehavior [ RunTime:0.000016s ]
INFO: [ app_init ] --END-- [ RunTime:0.000415s ]
NOTIC: [8] Use of undefined constant URL_ROUTER_ON - assumed 'URL_ROUTER_ON' H:\code\work\yaowan\Application\Home\Conf\config.php 第 4 行.
NOTIC: [8] Use of undefined constant URL_ROUTE_RULES - assumed 'URL_ROUTE_RULES' H:\code\work\yaowan\Application\Home\Conf\config.php 第 6 行.
INFO: [ app_begin ] --START--
INFO: Run Behavior\ReadHtmlCacheBehavior [ RunTime:0.000645s ]
INFO: [ app_begin ] --END-- [ RunTime:0.000702s ]
SQL: SHOW COLUMNS FROM `wp_posts` [ RunTime:0.006930s ]
ERR: 1146:Table 'yaowan_db.wp_posts' doesn't exist
 [ SQL语句 ] : SHOW COLUMNS FROM `wp_posts`
SQL: SELECT `ID` FROM `wp_posts` WHERE `post_type` = 'attachment' AND `post_title` = 'slider' ORDER BY post_date DESC LIMIT 5   [ RunTime:0.004191s ]
ERR: 1146:Table 'yaowan_db.wp_posts' doesn't exist
 [ SQL语句 ] : SELECT `ID` FROM `wp_posts` WHERE `post_type` = 'attachment' AND `post_title` = 'slider' ORDER BY post_date DESC LIMIT 5  
SQL: SHOW COLUMNS FROM `wp_posts` [ RunTime:0.005071s ]
ERR: 1146:Table 'yaowan_db.wp_posts' doesn't exist
 [ SQL语句 ] : SHOW COLUMNS FROM `wp_posts`
SQL: SHOW COLUMNS FROM `wp_posts` [ RunTime:0.005115s ]
ERR: 1146:Table 'yaowan_db.wp_posts' doesn't exist
 [ SQL语句 ] : SHOW COLUMNS FROM `wp_posts`
SQL: SELECT * FROM `wp_posts` INNER JOIN wp_term_relationships ON wp_posts.ID = wp_term_relationships.object_id  WHERE wp_posts.post_type = 'post' AND wp_posts.post_status = 'publish' AND ( wp_term_relationships.term_taxonomy_id = 1 ) ORDER BY post_date DESC LIMIT 3   [ RunTime:0.004112s ]
ERR: 1146:Table 'yaowan_db.wp_posts' doesn't exist
 [ SQL语句 ] : SELECT * FROM `wp_posts` INNER JOIN wp_term_relationships ON wp_posts.ID = wp_term_relationships.object_id  WHERE wp_posts.post_type = 'post' AND wp_posts.post_status = 'publish' AND ( wp_term_relationships.term_taxonomy_id = 1 ) ORDER BY post_date DESC LIMIT 3  
SQL: SHOW COLUMNS FROM `wp_terms` [ RunTime:0.005033s ]
ERR: 1146:Table 'yaowan_db.wp_terms' doesn't exist
 [ SQL语句 ] : SHOW COLUMNS FROM `wp_terms`
SQL: select * from wp_terms where wp_terms.slug <> 'uncategorized' [ RunTime:0.004178s ]
ERR: 1146:Table 'yaowan_db.wp_terms' doesn't exist
 [ SQL语句 ] : select * from wp_terms where wp_terms.slug <> 'uncategorized'
NOTIC: [2] Missing argument 1 for Think\Controller::show(), called in H:\code\work\yaowan\Application\Home\Controller\IndexController.class.php on line 18 and defined H:\code\work\yaowan\ThinkPHP\Library\Think\Controller.class.php 第 68 行.
NOTIC: [8] Undefined variable: content H:\code\work\yaowan\ThinkPHP\Library\Think\Controller.class.php 第 69 行.
INFO: [ view_parse ] --START--
INFO: [ template_filter ] --START--
INFO: Run Behavior\ContentReplaceBehavior [ RunTime:0.000063s ]
INFO: [ template_filter ] --END-- [ RunTime:0.000109s ]
INFO: Run Behavior\ParseTemplateBehavior [ RunTime:0.010624s ]
INFO: [ view_parse ] --END-- [ RunTime:0.010681s ]
INFO: [ view_filter ] --START--
INFO: Run Behavior\WriteHtmlCacheBehavior [ RunTime:0.000251s ]
INFO: [ view_filter ] --END-- [ RunTime:0.000287s ]
INFO: [ app_end ] --START--
INFO: Run Behavior\ShowPageTraceBehavior [ RunTime:0.000523s ]
INFO: [ app_end ] --END-- [ RunTime:0.000561s ]

[ 2016-03-21T21:22:10+08:00 ] 127.0.0.1 /work/yaowan/
INFO: [ app_init ] --START--
INFO: Run Behavior\BuildLiteBehavior [ RunTime:0.000016s ]
INFO: [ app_init ] --END-- [ RunTime:0.000439s ]
NOTIC: [8] Use of undefined constant URL_ROUTER_ON - assumed 'URL_ROUTER_ON' H:\code\work\yaowan\Application\Home\Conf\config.php 第 4 行.
NOTIC: [8] Use of undefined constant URL_ROUTE_RULES - assumed 'URL_ROUTE_RULES' H:\code\work\yaowan\Application\Home\Conf\config.php 第 6 行.
INFO: [ app_begin ] --START--
INFO: Run Behavior\ReadHtmlCacheBehavior [ RunTime:0.000622s ]
INFO: [ app_begin ] --END-- [ RunTime:0.000673s ]
SQL: SHOW COLUMNS FROM `wp_posts` [ RunTime:0.006426s ]
ERR: 1146:Table 'yaowan_db.wp_posts' doesn't exist
 [ SQL语句 ] : SHOW COLUMNS FROM `wp_posts`
SQL: SELECT `ID` FROM `wp_posts` WHERE `post_type` = 'attachment' AND `post_title` = 'slider' ORDER BY post_date DESC LIMIT 5   [ RunTime:0.004111s ]
ERR: 1146:Table 'yaowan_db.wp_posts' doesn't exist
 [ SQL语句 ] : SELECT `ID` FROM `wp_posts` WHERE `post_type` = 'attachment' AND `post_title` = 'slider' ORDER BY post_date DESC LIMIT 5  
SQL: SHOW COLUMNS FROM `wp_posts` [ RunTime:0.005022s ]
ERR: 1146:Table 'yaowan_db.wp_posts' doesn't exist
 [ SQL语句 ] : SHOW COLUMNS FROM `wp_posts`
SQL: SHOW COLUMNS FROM `wp_posts` [ RunTime:0.004969s ]
ERR: 1146:Table 'yaowan_db.wp_posts' doesn't exist
 [ SQL语句 ] : SHOW COLUMNS FROM `wp_posts`
SQL: SELECT * FROM `wp_posts` INNER JOIN wp_term_relationships ON wp_posts.ID = wp_term_relationships.object_id  WHERE wp_posts.post_type = 'post' AND wp_posts.post_status = 'publish' AND ( wp_term_relationships.term_taxonomy_id = 1 ) ORDER BY post_date DESC LIMIT 3   [ RunTime:0.004097s ]
ERR: 1146:Table 'yaowan_db.wp_posts' doesn't exist
 [ SQL语句 ] : SELECT * FROM `wp_posts` INNER JOIN wp_term_relationships ON wp_posts.ID = wp_term_relationships.object_id  WHERE wp_posts.post_type = 'post' AND wp_posts.post_status = 'publish' AND ( wp_term_relationships.term_taxonomy_id = 1 ) ORDER BY post_date DESC LIMIT 3  
SQL: SHOW COLUMNS FROM `wp_terms` [ RunTime:0.005608s ]
ERR: 1146:Table 'yaowan_db.wp_terms' doesn't exist
 [ SQL语句 ] : SHOW COLUMNS FROM `wp_terms`
SQL: select * from wp_terms where wp_terms.slug <> 'uncategorized' [ RunTime:0.003924s ]
ERR: 1146:Table 'yaowan_db.wp_terms' doesn't exist
 [ SQL语句 ] : select * from wp_terms where wp_terms.slug <> 'uncategorized'
NOTIC: [2] Missing argument 1 for Think\Controller::show(), called in H:\code\work\yaowan\Application\Home\Controller\IndexController.class.php on line 18 and defined H:\code\work\yaowan\ThinkPHP\Library\Think\Controller.class.php 第 68 行.
NOTIC: [8] Undefined variable: content H:\code\work\yaowan\ThinkPHP\Library\Think\Controller.class.php 第 69 行.
INFO: [ view_parse ] --START--
INFO: [ template_filter ] --START--
INFO: Run Behavior\ContentReplaceBehavior [ RunTime:0.000063s ]
INFO: [ template_filter ] --END-- [ RunTime:0.000110s ]
INFO: Run Behavior\ParseTemplateBehavior [ RunTime:0.010652s ]
INFO: [ view_parse ] --END-- [ RunTime:0.010700s ]
INFO: [ view_filter ] --START--
INFO: Run Behavior\WriteHtmlCacheBehavior [ RunTime:0.000258s ]
INFO: [ view_filter ] --END-- [ RunTime:0.000293s ]
INFO: [ app_end ] --START--
INFO: Run Behavior\ShowPageTraceBehavior [ RunTime:0.000477s ]
INFO: [ app_end ] --END-- [ RunTime:0.000512s ]

[ 2016-03-21T21:22:13+08:00 ] 127.0.0.1 /work/yaowan/newsList
INFO: [ app_init ] --START--
INFO: Run Behavior\BuildLiteBehavior [ RunTime:0.000015s ]
INFO: [ app_init ] --END-- [ RunTime:0.000345s ]
NOTIC: [8] Use of undefined constant URL_ROUTER_ON - assumed 'URL_ROUTER_ON' H:\code\work\yaowan\Application\Home\Conf\config.php 第 4 行.
NOTIC: [8] Use of undefined constant URL_ROUTE_RULES - assumed 'URL_ROUTE_RULES' H:\code\work\yaowan\Application\Home\Conf\config.php 第 6 行.
INFO: [ app_begin ] --START--
INFO: Run Behavior\ReadHtmlCacheBehavior [ RunTime:0.000500s ]
INFO: [ app_begin ] --END-- [ RunTime:0.000550s ]
SQL: SHOW COLUMNS FROM `wp_posts` [ RunTime:0.005733s ]
ERR: 1146:Table 'yaowan_db.wp_posts' doesn't exist
 [ SQL语句 ] : SHOW COLUMNS FROM `wp_posts`
SQL: SHOW COLUMNS FROM `wp_posts` [ RunTime:0.005675s ]
ERR: 1146:Table 'yaowan_db.wp_posts' doesn't exist
 [ SQL语句 ] : SHOW COLUMNS FROM `wp_posts`
SQL: SELECT * FROM `wp_posts` INNER JOIN wp_term_relationships ON wp_posts.ID = wp_term_relationships.object_id  WHERE wp_posts.post_type = 'post' AND wp_posts.post_status = 'publish' AND ( wp_term_relationships.term_taxonomy_id = 1 ) ORDER BY post_date DESC LIMIT 0,10   [ RunTime:0.004541s ]
ERR: 1146:Table 'yaowan_db.wp_posts' doesn't exist
 [ SQL语句 ] : SELECT * FROM `wp_posts` INNER JOIN wp_term_relationships ON wp_posts.ID = wp_term_relationships.object_id  WHERE wp_posts.post_type = 'post' AND wp_posts.post_status = 'publish' AND ( wp_term_relationships.term_taxonomy_id = 1 ) ORDER BY post_date DESC LIMIT 0,10  
SQL: SELECT count(ID) as total_count FROM `wp_posts` WHERE `post_type` = 'post' AND `post_status` = 'publish' LIMIT 1   [ RunTime:0.004963s ]
ERR: 1146:Table 'yaowan_db.wp_posts' doesn't exist
 [ SQL语句 ] : SELECT count(ID) as total_count FROM `wp_posts` WHERE `post_type` = 'post' AND `post_status` = 'publish' LIMIT 1  
SQL: SHOW COLUMNS FROM `wp_terms` [ RunTime:0.005778s ]
ERR: 1146:Table 'yaowan_db.wp_terms' doesn't exist
 [ SQL语句 ] : SHOW COLUMNS FROM `wp_terms`
SQL: select * from wp_terms where wp_terms.slug <> 'uncategorized' [ RunTime:0.004635s ]
ERR: 1146:Table 'yaowan_db.wp_terms' doesn't exist
 [ SQL语句 ] : select * from wp_terms where wp_terms.slug <> 'uncategorized'
INFO: [ view_parse ] --START--
INFO: [ template_filter ] --START--
INFO: Run Behavior\ContentReplaceBehavior [ RunTime:0.000068s ]
INFO: [ template_filter ] --END-- [ RunTime:0.000113s ]
INFO: Run Behavior\ParseTemplateBehavior [ RunTime:0.025194s ]
INFO: [ view_parse ] --END-- [ RunTime:0.025247s ]
INFO: [ view_filter ] --START--
INFO: Run Behavior\WriteHtmlCacheBehavior [ RunTime:0.000164s ]
INFO: [ view_filter ] --END-- [ RunTime:0.000197s ]
INFO: [ app_end ] --START--
INFO: Run Behavior\ShowPageTraceBehavior [ RunTime:0.000429s ]
INFO: [ app_end ] --END-- [ RunTime:0.000464s ]

[ 2016-03-21T21:22:14+08:00 ] 127.0.0.1 /work/yaowan/contact
INFO: [ app_init ] --START--
INFO: Run Behavior\BuildLiteBehavior [ RunTime:0.000015s ]
INFO: [ app_init ] --END-- [ RunTime:0.000346s ]
NOTIC: [8] Use of undefined constant URL_ROUTER_ON - assumed 'URL_ROUTER_ON' H:\code\work\yaowan\Application\Home\Conf\config.php 第 4 行.
NOTIC: [8] Use of undefined constant URL_ROUTE_RULES - assumed 'URL_ROUTE_RULES' H:\code\work\yaowan\Application\Home\Conf\config.php 第 6 行.
INFO: [ app_begin ] --START--
INFO: Run Behavior\ReadHtmlCacheBehavior [ RunTime:0.000501s ]
INFO: [ app_begin ] --END-- [ RunTime:0.000551s ]
SQL: SHOW COLUMNS FROM `wp_terms` [ RunTime:0.006194s ]
ERR: 1146:Table 'yaowan_db.wp_terms' doesn't exist
 [ SQL语句 ] : SHOW COLUMNS FROM `wp_terms`
SQL: select * from wp_terms where wp_terms.slug <> 'uncategorized' [ RunTime:0.004669s ]
ERR: 1146:Table 'yaowan_db.wp_terms' doesn't exist
 [ SQL语句 ] : select * from wp_terms where wp_terms.slug <> 'uncategorized'
INFO: [ view_parse ] --START--
INFO: [ template_filter ] --START--
INFO: Run Behavior\ContentReplaceBehavior [ RunTime:0.000086s ]
INFO: [ template_filter ] --END-- [ RunTime:0.000145s ]
INFO: Run Behavior\ParseTemplateBehavior [ RunTime:0.030534s ]
INFO: [ view_parse ] --END-- [ RunTime:0.030601s ]
INFO: [ view_filter ] --START--
INFO: Run Behavior\WriteHtmlCacheBehavior [ RunTime:0.000199s ]
INFO: [ view_filter ] --END-- [ RunTime:0.000239s ]
INFO: [ app_end ] --START--
INFO: Run Behavior\ShowPageTraceBehavior [ RunTime:0.000506s ]
INFO: [ app_end ] --END-- [ RunTime:0.000546s ]

[ 2016-03-21T21:22:16+08:00 ] 127.0.0.1 /work/yaowan/newsList
INFO: [ app_init ] --START--
INFO: Run Behavior\BuildLiteBehavior [ RunTime:0.000015s ]
INFO: [ app_init ] --END-- [ RunTime:0.000345s ]
NOTIC: [8] Use of undefined constant URL_ROUTER_ON - assumed 'URL_ROUTER_ON' H:\code\work\yaowan\Application\Home\Conf\config.php 第 4 行.
NOTIC: [8] Use of undefined constant URL_ROUTE_RULES - assumed 'URL_ROUTE_RULES' H:\code\work\yaowan\Application\Home\Conf\config.php 第 6 行.
INFO: [ app_begin ] --START--
INFO: Run Behavior\ReadHtmlCacheBehavior [ RunTime:0.000549s ]
INFO: [ app_begin ] --END-- [ RunTime:0.000607s ]
SQL: SHOW COLUMNS FROM `wp_posts` [ RunTime:0.006419s ]
ERR: 1146:Table 'yaowan_db.wp_posts' doesn't exist
 [ SQL语句 ] : SHOW COLUMNS FROM `wp_posts`
SQL: SHOW COLUMNS FROM `wp_posts` [ RunTime:0.005672s ]
ERR: 1146:Table 'yaowan_db.wp_posts' doesn't exist
 [ SQL语句 ] : SHOW COLUMNS FROM `wp_posts`
SQL: SELECT * FROM `wp_posts` INNER JOIN wp_term_relationships ON wp_posts.ID = wp_term_relationships.object_id  WHERE wp_posts.post_type = 'post' AND wp_posts.post_status = 'publish' AND ( wp_term_relationships.term_taxonomy_id = 1 ) ORDER BY post_date DESC LIMIT 0,10   [ RunTime:0.004129s ]
ERR: 1146:Table 'yaowan_db.wp_posts' doesn't exist
 [ SQL语句 ] : SELECT * FROM `wp_posts` INNER JOIN wp_term_relationships ON wp_posts.ID = wp_term_relationships.object_id  WHERE wp_posts.post_type = 'post' AND wp_posts.post_status = 'publish' AND ( wp_term_relationships.term_taxonomy_id = 1 ) ORDER BY post_date DESC LIMIT 0,10  
SQL: SELECT count(ID) as total_count FROM `wp_posts` WHERE `post_type` = 'post' AND `post_status` = 'publish' LIMIT 1   [ RunTime:0.003773s ]
ERR: 1146:Table 'yaowan_db.wp_posts' doesn't exist
 [ SQL语句 ] : SELECT count(ID) as total_count FROM `wp_posts` WHERE `post_type` = 'post' AND `post_status` = 'publish' LIMIT 1  
SQL: SHOW COLUMNS FROM `wp_terms` [ RunTime:0.004895s ]
ERR: 1146:Table 'yaowan_db.wp_terms' doesn't exist
 [ SQL语句 ] : SHOW COLUMNS FROM `wp_terms`
SQL: select * from wp_terms where wp_terms.slug <> 'uncategorized' [ RunTime:0.004026s ]
ERR: 1146:Table 'yaowan_db.wp_terms' doesn't exist
 [ SQL语句 ] : select * from wp_terms where wp_terms.slug <> 'uncategorized'
INFO: [ view_parse ] --START--
INFO: [ template_filter ] --START--
INFO: Run Behavior\ContentReplaceBehavior [ RunTime:0.000072s ]
INFO: [ template_filter ] --END-- [ RunTime:0.000119s ]
INFO: Run Behavior\ParseTemplateBehavior [ RunTime:0.010371s ]
INFO: [ view_parse ] --END-- [ RunTime:0.010426s ]
INFO: [ view_filter ] --START--
INFO: Run Behavior\WriteHtmlCacheBehavior [ RunTime:0.000176s ]
INFO: [ view_filter ] --END-- [ RunTime:0.000211s ]
INFO: [ app_end ] --START--
INFO: Run Behavior\ShowPageTraceBehavior [ RunTime:0.000474s ]
INFO: [ app_end ] --END-- [ RunTime:0.000515s ]

[ 2016-03-21T21:22:17+08:00 ] 127.0.0.1 /work/yaowan/
INFO: [ app_init ] --START--
INFO: Run Behavior\BuildLiteBehavior [ RunTime:0.000016s ]
INFO: [ app_init ] --END-- [ RunTime:0.000390s ]
NOTIC: [8] Use of undefined constant URL_ROUTER_ON - assumed 'URL_ROUTER_ON' H:\code\work\yaowan\Application\Home\Conf\config.php 第 4 行.
NOTIC: [8] Use of undefined constant URL_ROUTE_RULES - assumed 'URL_ROUTE_RULES' H:\code\work\yaowan\Application\Home\Conf\config.php 第 6 行.
INFO: [ app_begin ] --START--
INFO: Run Behavior\ReadHtmlCacheBehavior [ RunTime:0.000512s ]
INFO: [ app_begin ] --END-- [ RunTime:0.000564s ]
SQL: SHOW COLUMNS FROM `wp_posts` [ RunTime:0.005660s ]
ERR: 1146:Table 'yaowan_db.wp_posts' doesn't exist
 [ SQL语句 ] : SHOW COLUMNS FROM `wp_posts`
SQL: SELECT `ID` FROM `wp_posts` WHERE `post_type` = 'attachment' AND `post_title` = 'slider' ORDER BY post_date DESC LIMIT 5   [ RunTime:0.004178s ]
ERR: 1146:Table 'yaowan_db.wp_posts' doesn't exist
 [ SQL语句 ] : SELECT `ID` FROM `wp_posts` WHERE `post_type` = 'attachment' AND `post_title` = 'slider' ORDER BY post_date DESC LIMIT 5  
SQL: SHOW COLUMNS FROM `wp_posts` [ RunTime:0.005051s ]
ERR: 1146:Table 'yaowan_db.wp_posts' doesn't exist
 [ SQL语句 ] : SHOW COLUMNS FROM `wp_posts`
SQL: SHOW COLUMNS FROM `wp_posts` [ RunTime:0.004853s ]
ERR: 1146:Table 'yaowan_db.wp_posts' doesn't exist
 [ SQL语句 ] : SHOW COLUMNS FROM `wp_posts`
SQL: SELECT * FROM `wp_posts` INNER JOIN wp_term_relationships ON wp_posts.ID = wp_term_relationships.object_id  WHERE wp_posts.post_type = 'post' AND wp_posts.post_status = 'publish' AND ( wp_term_relationships.term_taxonomy_id = 1 ) ORDER BY post_date DESC LIMIT 3   [ RunTime:0.003941s ]
ERR: 1146:Table 'yaowan_db.wp_posts' doesn't exist
 [ SQL语句 ] : SELECT * FROM `wp_posts` INNER JOIN wp_term_relationships ON wp_posts.ID = wp_term_relationships.object_id  WHERE wp_posts.post_type = 'post' AND wp_posts.post_status = 'publish' AND ( wp_term_relationships.term_taxonomy_id = 1 ) ORDER BY post_date DESC LIMIT 3  
SQL: SHOW COLUMNS FROM `wp_terms` [ RunTime:0.005016s ]
ERR: 1146:Table 'yaowan_db.wp_terms' doesn't exist
 [ SQL语句 ] : SHOW COLUMNS FROM `wp_terms`
SQL: select * from wp_terms where wp_terms.slug <> 'uncategorized' [ RunTime:0.004419s ]
ERR: 1146:Table 'yaowan_db.wp_terms' doesn't exist
 [ SQL语句 ] : select * from wp_terms where wp_terms.slug <> 'uncategorized'
NOTIC: [2] Missing argument 1 for Think\Controller::show(), called in H:\code\work\yaowan\Application\Home\Controller\IndexController.class.php on line 18 and defined H:\code\work\yaowan\ThinkPHP\Library\Think\Controller.class.php 第 68 行.
NOTIC: [8] Undefined variable: content H:\code\work\yaowan\ThinkPHP\Library\Think\Controller.class.php 第 69 行.
INFO: [ view_parse ] --START--
INFO: [ template_filter ] --START--
INFO: Run Behavior\ContentReplaceBehavior [ RunTime:0.000064s ]
INFO: [ template_filter ] --END-- [ RunTime:0.000108s ]
INFO: Run Behavior\ParseTemplateBehavior [ RunTime:0.009703s ]
INFO: [ view_parse ] --END-- [ RunTime:0.009756s ]
INFO: [ view_filter ] --START--
INFO: Run Behavior\WriteHtmlCacheBehavior [ RunTime:0.000165s ]
INFO: [ view_filter ] --END-- [ RunTime:0.000199s ]
INFO: [ app_end ] --START--
INFO: Run Behavior\ShowPageTraceBehavior [ RunTime:0.000423s ]
INFO: [ app_end ] --END-- [ RunTime:0.000459s ]

